2024-01-15 08:23:01 INFO Application started successfully
2024-01-15 08:23:02 INFO Loading configuration from /etc/app/config.yaml
2024-01-15 08:23:02 DEBUG Database connection pool initialized (max=10, idle=5)
2024-01-15 08:23:03 INFO HTTP server listening on :8080
2024-01-15 08:23:15 INFO GET /api/health - 200 OK (2ms)
2024-01-15 08:24:01 WARN High memory usage detected: 85% (threshold: 80%)
2024-01-15 08:24:30 INFO POST /api/users - 201 Created (45ms)
2024-01-15 08:25:12 ERROR Failed to connect to Redis: connection refused (127.0.0.1:6379)
2024-01-15 08:25:12 WARN Falling back to in-memory cache
2024-01-15 08:25:45 INFO GET /api/users/42 - 200 OK (12ms)
2024-01-15 08:26:01 DEBUG Garbage collection completed in 15ms
2024-01-15 08:26:30 ERROR Database query timeout after 30s: SELECT * FROM orders WHERE status='pending'
2024-01-15 08:26:30 ERROR Returning 500 Internal Server Error to client 192.168.1.100
2024-01-15 08:27:00 INFO Scheduled job 'cleanup_sessions' started
2024-01-15 08:27:05 INFO Cleaned up 1,247 expired sessions
2024-01-15 08:28:10 WARN Rate limit exceeded for IP 10.0.0.55 (150 req/min, limit: 100)
2024-01-15 08:28:10 INFO GET /api/products - 429 Too Many Requests (1ms)
2024-01-15 08:29:00 INFO Healthcheck passed: all services operational
2024-01-15 08:30:15 ERROR TLS handshake failed with client 203.0.113.50: certificate expired
2024-01-15 08:30:45 FATAL Out of memory: cannot allocate 512MB for request buffer
2024-01-15 08:30:45 INFO Graceful shutdown initiated
2024-01-15 08:30:46 WARN 3 pending requests will be terminated
2024-01-15 08:30:47 INFO Database connections closed
2024-01-15 08:30:47 INFO HTTP server stopped
2024-01-15 08:30:48 INFO Application shutdown complete
